0 info it worked if it ends with ok
1 verbose cli [ 'd:\\GIT\\LearnNodeJs\\node.exe',
1 verbose cli   'd:\\GIT\\LearnNodeJs\\node_modules\\npm\\bin\\npm-cli.js',
1 verbose cli   'install',
1 verbose cli   'mongoDb' ]
2 info using npm@1.4.28
3 info using node@v0.10.35
4 warn package.json node@0.0.0 No description
5 warn package.json node@0.0.0 No repository field.
6 warn package.json node@0.0.0 No README data
7 verbose readDependencies using package.json deps
8 verbose cache add [ 'mongoDb', null ]
9 verbose cache add name=undefined spec="mongoDb" args=["mongoDb",null]
10 verbose parsed url { protocol: null,
10 verbose parsed url   slashes: null,
10 verbose parsed url   auth: null,
10 verbose parsed url   host: null,
10 verbose parsed url   port: null,
10 verbose parsed url   hostname: null,
10 verbose parsed url   hash: null,
10 verbose parsed url   search: null,
10 verbose parsed url   query: null,
10 verbose parsed url   pathname: 'mongoDb',
10 verbose parsed url   path: 'mongoDb',
10 verbose parsed url   href: 'mongoDb' }
11 silly lockFile 68b65b16-mongoDb mongoDb
12 verbose lock mongoDb C:\Users\koS\AppData\Roaming\npm-cache\68b65b16-mongoDb.lock
13 silly lockFile 68b65b16-mongoDb mongoDb
14 silly lockFile 68b65b16-mongoDb mongoDb
15 verbose addNamed [ 'mongoDb', '' ]
16 verbose addNamed [ null, '*' ]
17 silly lockFile 88d73528-mongoDb mongoDb@
18 verbose lock mongoDb@ C:\Users\koS\AppData\Roaming\npm-cache\88d73528-mongoDb.lock
19 silly addNameRange { name: 'mongoDb', range: '*', hasData: false }
20 verbose request where is /mongoDb
21 verbose request registry https://registry.npmjs.org/
22 verbose request id cd2131db0188a767
23 verbose url raw /mongoDb
24 verbose url resolving [ 'https://registry.npmjs.org/', './mongoDb' ]
25 verbose url resolved https://registry.npmjs.org/mongoDb
26 verbose request where is https://registry.npmjs.org/mongoDb
27 info trying registry request attempt 1 at 19:25:07
28 http GET https://registry.npmjs.org/mongoDb
29 http 404 https://registry.npmjs.org/mongoDb
30 verbose headers { date: 'Mon, 02 Feb 2015 16:25:11 GMT',
30 verbose headers   server: 'CouchDB/1.5.0 (Erlang OTP/R16B03)',
30 verbose headers   'content-type': 'application/json',
30 verbose headers   'cache-control': 'max-age=0',
30 verbose headers   'content-length': '52',
30 verbose headers   'accept-ranges': 'bytes',
30 verbose headers   via: '1.1 varnish',
30 verbose headers   age: '0',
30 verbose headers   'x-served-by': 'cache-fra1235-FRA',
30 verbose headers   'x-cache': 'MISS',
30 verbose headers   'x-cache-hits': '0',
30 verbose headers   'x-timer': 'S1422894311.222057,VS0,VE481',
30 verbose headers   'keep-alive': 'timeout=10, max=50',
30 verbose headers   connection: 'Keep-Alive' }
31 silly registry.get cb [ 404,
31 silly registry.get   { date: 'Mon, 02 Feb 2015 16:25:11 GMT',
31 silly registry.get     server: 'CouchDB/1.5.0 (Erlang OTP/R16B03)',
31 silly registry.get     'content-type': 'application/json',
31 silly registry.get     'cache-control': 'max-age=0',
31 silly registry.get     'content-length': '52',
31 silly registry.get     'accept-ranges': 'bytes',
31 silly registry.get     via: '1.1 varnish',
31 silly registry.get     age: '0',
31 silly registry.get     'x-served-by': 'cache-fra1235-FRA',
31 silly registry.get     'x-cache': 'MISS',
31 silly registry.get     'x-cache-hits': '0',
31 silly registry.get     'x-timer': 'S1422894311.222057,VS0,VE481',
31 silly registry.get     'keep-alive': 'timeout=10, max=50',
31 silly registry.get     connection: 'Keep-Alive' } ]
32 silly lockFile 88d73528-mongoDb mongoDb@
33 silly lockFile 88d73528-mongoDb mongoDb@
34 error 404 404 Not Found: mongoDb
34 error 404
34 error 404 'mongoDb' is not in the npm registry.
34 error 404 You should bug the author to publish it
34 error 404 It was specified as a dependency of 'LearnNodeJsChat'
34 error 404
34 error 404 Note that you can also install from a
34 error 404 tarball, folder, or http url, or git url.
35 error System Windows_NT 6.1.7601
36 error command "d:\\GIT\\LearnNodeJs\\node.exe" "d:\\GIT\\LearnNodeJs\\node_modules\\npm\\bin\\npm-cli.js" "install" "mongoDb"
37 error cwd d:\GIT\LearnNodeJsChat
38 error node -v v0.10.35
39 error npm -v 1.4.28
40 error code E404
41 verbose exit [ 1, true ]
